<?xml version="1.0" encoding="UTF-8"?>
<!-- Generated by org.testng.reporters.JUnitReportReporter -->
<testsuite hostname="CLW606-959" failures="0" tests="1" name="com.ps.tests.web.GoogleTitleTest" time="10.018" errors="0" timestamp="2023-03-11T16:09:28 IST" skipped="0">
  <testcase classname="com.ps.tests.web.GoogleTitleTest" name="testLogin" time="10.018"/>
  <system-out/>
</testsuite> <!-- com.ps.tests.web.GoogleTitleTest -->
