<?xml version="1.0" encoding="UTF-8"?>
<!-- Generated by org.testng.reporters.JUnitReportReporter -->
<testsuite hostname="CLW606-959" failures="0" tests="1"
	name="com.tmb.tests.DemoTest" time="0.090" errors="0"
	timestamp="2023-03-09T16:19:08 IST" skipped="0">
	<testcase classname="com.tmb.tests.DemoTest" name="testLogin"
		time="0.090" />
	<system-out />
</testsuite> <!-- com.tmb.tests.DemoTest -->
