<?xml version="1.0" encoding="UTF-8"?>
<!-- Generated by org.testng.reporters.JUnitReportReporter -->
<testsuite hostname="CLW606-959" failures="0" tests="1" name="com.ps.tests.mobile.AndroidTest" time="112.810" errors="0" timestamp="2023-03-15T22:32:25 IST" skipped="0">
  <testcase classname="com.ps.tests.mobile.AndroidTest" name="testLoginAndroid" time="112.810"/>
  <system-out/>
</testsuite> <!-- com.ps.tests.mobile.AndroidTest -->
