<?xml version="1.0" encoding="UTF-8"?>
<!-- Generated by org.testng.reporters.JUnitReportReporter -->
<testsuite hostname="CLW606-959" failures="0" tests="1" name="com.ps.tests.mobile.IosTest" time="36.100" errors="0" timestamp="2023-03-16T23:46:47 IST" skipped="0">
  <testcase classname="com.ps.tests.mobile.IosTest" name="testLoginIos" time="36.100"/>
  <system-out/>
</testsuite> <!-- com.ps.tests.mobile.IosTest -->
