<?xml version="1.0" encoding="UTF-8"?>
<!-- Generated by org.testng.reporters.JUnitReportReporter -->
<testsuite hostname="CLW606-959" failures="0" tests="1" name="com.ps.tests.mobile.AndroidTest" time="21.180" errors="0" timestamp="2023-03-11T15:47:48 IST" skipped="0">
  <testcase classname="com.ps.tests.mobile.AndroidTest" name="testLoginAndroid" time="21.180"/>
  <system-out/>
</testsuite> <!-- com.ps.tests.mobile.AndroidTest -->
